<?xml version="1.0" encoding="UTF-8"?>
<!-- Generated by org.testng.reporters.JUnitXMLReporter -->
<testsuite ignored="0" hostname="LAPTOP-GOGQ83M7" failures="0" tests="1" name="RegressionTests" time="0.077" errors="0" timestamp="2023-11-21T14:18:40 IST">
  <testcase classname="com.app.RedBusdemo.TestBase" name="@BeforeClass setUp" time="-1.70055652034E9">
    <failure type="org.testng.TestNGException" message="
Parameter &amp;apos;browser&amp;apos; is required by BeforeClass on method setUp but has not been marked @Optional or defined
in C:\Users\91630\eclipse-workspace3\RedBusDemo\testSuite.xml">
      <![CDATA[org.testng.TestNGException: 
Parameter 'browser' is required by BeforeClass on method setUp but has not been marked @Optional or defined
in C:\Users\91630\eclipse-workspace3\RedBusDemo\testSuite.xml
at java.base/java.util.ArrayList.forEach(ArrayList.java:1511)
... Removed 22 stack frames]]>
    </failure>
  </testcase> <!-- @BeforeClass setUp -->
  <testcase classname="com.app.RedBusdemo.TestBase" name="@AfterClass tearDown" time="-1.700556520386E9">
    <skipped/>
  </testcase> <!-- @AfterClass tearDown -->
  <testcase classname="com.app.RedBusdemo.RedBusTest" name="bookBusTicket" time="0.0">
    <skipped/>
  </testcase> <!-- bookBusTicket -->
</testsuite> <!-- RegressionTests -->
